Initialization 0
  Iteration 1
  Iteration 2
  Iteration 3
  Iteration 4
  Iteration 5
  Iteration 6
  Iteration 7
  Iteration 8
  Iteration 9
  Iteration 10
  Iteration 11
  Iteration 12
  Iteration 13
  Iteration 14
  Iteration 15
  Iteration 16
  Iteration 17
  Iteration 18
  Iteration 19
  Iteration 20
  Iteration 21
  Iteration 22
  Iteration 23
  Iteration 24
  Iteration 25
  Iteration 26
  Iteration 27
  Iteration 28
  Iteration 29
  Iteration 30
Initialization did not converge.
Initialization 0
  Iteration 1
  Iteration 2
  Iteration 3
  Iteration 4
  Iteration 5
  Iteration 6
  Iteration 7
  Iteration 8
  Iteration 9
  Iteration 10
  Iteration 11
  Iteration 12
  Iteration 13
  Iteration 14
  Iteration 15
  Iteration 16
  Iteration 17
  Iteration 18
  Iteration 19
  Iteration 20
  Iteration 21
  Iteration 22
  Iteration 23
  Iteration 24
  Iteration 25
  Iteration 26
  Iteration 27
  Iteration 28
  Iteration 29
  Iteration 30
Initialization did not converge.
Saved model: models\cqcc_gmm_2019la_ljspeech_retrain_300k.joblib
Bonafide files: 15680
Spoof files: 22800
