[2026-04-29 20:19:04] device: cuda pid=39144
[2026-04-29 20:19:04] cmd: scripts\train_lcnn_asvspoof2019_ljspeech.py --asvspoof-root C:\Users\mie\Downloads\AIVOICE\LA\LA --ljspeech-root C:\Users\mie\Downloads\AIVOICE\LJSpeech-1.1 --device auto --epochs 30 --batch-size 16 --resume-auto
[2026-04-29 20:19:06] train_items=36515 (human=13715, ai=22800) | val_items=26809 (human=4513, ai=22296)
[2026-04-29 20:25:50] epoch 1: train_loss=0.1249 acc=0.9534 | val_loss=0.1289 val_acc=0.9533
[2026-04-29 20:25:50]   saved last -> C:\Users\mie\Downloads\AIVOICE\checkpoints\lcnn_asvspoof2019_ljspeech_last.pt
[2026-04-29 20:25:50]   saved best -> C:\Users\mie\Downloads\AIVOICE\checkpoints\lcnn_asvspoof2019_ljspeech_best.pt
[2026-04-29 20:27:17] epoch 2: train_loss=0.0584 acc=0.9795 | val_loss=0.1420 val_acc=0.9485
[2026-04-29 20:27:17]   saved last -> C:\Users\mie\Downloads\AIVOICE\checkpoints\lcnn_asvspoof2019_ljspeech_last.pt
[2026-04-29 20:28:44] epoch 3: train_loss=0.0359 acc=0.9881 | val_loss=0.3688 val_acc=0.9184
[2026-04-29 20:28:44]   saved last -> C:\Users\mie\Downloads\AIVOICE\checkpoints\lcnn_asvspoof2019_ljspeech_last.pt
[2026-04-29 20:30:11] epoch 4: train_loss=0.0255 acc=0.9917 | val_loss=0.0620 val_acc=0.9792
[2026-04-29 20:30:11]   saved last -> C:\Users\mie\Downloads\AIVOICE\checkpoints\lcnn_asvspoof2019_ljspeech_last.pt
[2026-04-29 20:30:12]   saved best -> C:\Users\mie\Downloads\AIVOICE\checkpoints\lcnn_asvspoof2019_ljspeech_best.pt
[2026-04-29 20:31:39] epoch 5: train_loss=0.0216 acc=0.9927 | val_loss=0.0511 val_acc=0.9828
[2026-04-29 20:31:39]   saved last -> C:\Users\mie\Downloads\AIVOICE\checkpoints\lcnn_asvspoof2019_ljspeech_last.pt
[2026-04-29 20:31:39]   saved best -> C:\Users\mie\Downloads\AIVOICE\checkpoints\lcnn_asvspoof2019_ljspeech_best.pt
[2026-04-29 20:33:04] epoch 6: train_loss=0.0180 acc=0.9941 | val_loss=0.0481 val_acc=0.9854
[2026-04-29 20:33:04]   saved last -> C:\Users\mie\Downloads\AIVOICE\checkpoints\lcnn_asvspoof2019_ljspeech_last.pt
[2026-04-29 20:33:04]   saved best -> C:\Users\mie\Downloads\AIVOICE\checkpoints\lcnn_asvspoof2019_ljspeech_best.pt
[2026-04-29 20:34:32] epoch 7: train_loss=0.0180 acc=0.9941 | val_loss=0.0387 val_acc=0.9867
[2026-04-29 20:34:32]   saved last -> C:\Users\mie\Downloads\AIVOICE\checkpoints\lcnn_asvspoof2019_ljspeech_last.pt
[2026-04-29 20:34:32]   saved best -> C:\Users\mie\Downloads\AIVOICE\checkpoints\lcnn_asvspoof2019_ljspeech_best.pt
[2026-04-29 20:36:00] epoch 8: train_loss=0.0138 acc=0.9957 | val_loss=0.0464 val_acc=0.9850
[2026-04-29 20:36:00]   saved last -> C:\Users\mie\Downloads\AIVOICE\checkpoints\lcnn_asvspoof2019_ljspeech_last.pt
[2026-04-29 20:37:26] epoch 9: train_loss=0.0138 acc=0.9959 | val_loss=0.0573 val_acc=0.9827
[2026-04-29 20:37:26]   saved last -> C:\Users\mie\Downloads\AIVOICE\checkpoints\lcnn_asvspoof2019_ljspeech_last.pt
[2026-04-29 20:38:54] epoch 10: train_loss=0.0098 acc=0.9971 | val_loss=0.0532 val_acc=0.9818
[2026-04-29 20:38:55]   saved last -> C:\Users\mie\Downloads\AIVOICE\checkpoints\lcnn_asvspoof2019_ljspeech_last.pt
[2026-04-29 20:40:19] epoch 11: train_loss=0.0094 acc=0.9973 | val_loss=0.0703 val_acc=0.9821
[2026-04-29 20:40:19]   saved last -> C:\Users\mie\Downloads\AIVOICE\checkpoints\lcnn_asvspoof2019_ljspeech_last.pt
[2026-04-29 20:41:45] epoch 12: train_loss=0.0096 acc=0.9969 | val_loss=0.0469 val_acc=0.9869
[2026-04-29 20:41:45]   saved last -> C:\Users\mie\Downloads\AIVOICE\checkpoints\lcnn_asvspoof2019_ljspeech_last.pt
[2026-04-29 20:41:45]   saved best -> C:\Users\mie\Downloads\AIVOICE\checkpoints\lcnn_asvspoof2019_ljspeech_best.pt
[2026-04-29 20:43:10] epoch 13: train_loss=0.0070 acc=0.9978 | val_loss=0.0711 val_acc=0.9844
[2026-04-29 20:43:10]   saved last -> C:\Users\mie\Downloads\AIVOICE\checkpoints\lcnn_asvspoof2019_ljspeech_last.pt
[2026-04-29 20:47:03] epoch 14: train_loss=0.0070 acc=0.9980 | val_loss=0.0384 val_acc=0.9902
[2026-04-29 20:47:03]   saved last -> C:\Users\mie\Downloads\AIVOICE\checkpoints\lcnn_asvspoof2019_ljspeech_last.pt
[2026-04-29 20:47:03]   saved best -> C:\Users\mie\Downloads\AIVOICE\checkpoints\lcnn_asvspoof2019_ljspeech_best.pt
[2026-04-29 20:50:34] epoch 15: train_loss=0.0049 acc=0.9987 | val_loss=0.0557 val_acc=0.9866
[2026-04-29 20:50:34]   saved last -> C:\Users\mie\Downloads\AIVOICE\checkpoints\lcnn_asvspoof2019_ljspeech_last.pt
[2026-04-29 20:52:02] epoch 16: train_loss=0.0054 acc=0.9984 | val_loss=0.0407 val_acc=0.9900
[2026-04-29 20:52:02]   saved last -> C:\Users\mie\Downloads\AIVOICE\checkpoints\lcnn_asvspoof2019_ljspeech_last.pt
[2026-04-29 20:56:57] epoch 17: train_loss=0.0037 acc=0.9988 | val_loss=0.0368 val_acc=0.9912
[2026-04-29 20:56:57]   saved last -> C:\Users\mie\Downloads\AIVOICE\checkpoints\lcnn_asvspoof2019_ljspeech_last.pt
[2026-04-29 20:56:57]   saved best -> C:\Users\mie\Downloads\AIVOICE\checkpoints\lcnn_asvspoof2019_ljspeech_best.pt
[2026-04-29 21:03:22] epoch 18: train_loss=0.0046 acc=0.9986 | val_loss=0.1295 val_acc=0.9752
[2026-04-29 21:03:22]   saved last -> C:\Users\mie\Downloads\AIVOICE\checkpoints\lcnn_asvspoof2019_ljspeech_last.pt
[2026-04-29 21:10:06] epoch 19: train_loss=0.0034 acc=0.9992 | val_loss=0.0736 val_acc=0.9841
[2026-04-29 21:10:06]   saved last -> C:\Users\mie\Downloads\AIVOICE\checkpoints\lcnn_asvspoof2019_ljspeech_last.pt
[2026-04-29 21:16:42] epoch 20: train_loss=0.0032 acc=0.9993 | val_loss=0.0406 val_acc=0.9909
[2026-04-29 21:16:42]   saved last -> C:\Users\mie\Downloads\AIVOICE\checkpoints\lcnn_asvspoof2019_ljspeech_last.pt
[2026-04-29 21:23:17] epoch 21: train_loss=0.0010 acc=0.9997 | val_loss=0.0605 val_acc=0.9884
[2026-04-29 21:23:17]   saved last -> C:\Users\mie\Downloads\AIVOICE\checkpoints\lcnn_asvspoof2019_ljspeech_last.pt
[2026-04-29 21:30:00] epoch 22: train_loss=0.0027 acc=0.9992 | val_loss=0.0472 val_acc=0.9901
[2026-04-29 21:30:00]   saved last -> C:\Users\mie\Downloads\AIVOICE\checkpoints\lcnn_asvspoof2019_ljspeech_last.pt
[2026-04-29 21:36:41] epoch 23: train_loss=0.0019 acc=0.9996 | val_loss=0.0562 val_acc=0.9872
[2026-04-29 21:36:41]   saved last -> C:\Users\mie\Downloads\AIVOICE\checkpoints\lcnn_asvspoof2019_ljspeech_last.pt
[2026-04-29 21:43:21] epoch 24: train_loss=0.0014 acc=0.9997 | val_loss=0.0501 val_acc=0.9897
[2026-04-29 21:43:21]   saved last -> C:\Users\mie\Downloads\AIVOICE\checkpoints\lcnn_asvspoof2019_ljspeech_last.pt
[2026-04-29 21:50:00] epoch 25: train_loss=0.0013 acc=0.9997 | val_loss=0.0393 val_acc=0.9914
[2026-04-29 21:50:00]   saved last -> C:\Users\mie\Downloads\AIVOICE\checkpoints\lcnn_asvspoof2019_ljspeech_last.pt
[2026-04-29 21:50:00]   saved best -> C:\Users\mie\Downloads\AIVOICE\checkpoints\lcnn_asvspoof2019_ljspeech_best.pt
[2026-04-29 21:56:39] epoch 26: train_loss=0.0009 acc=0.9999 | val_loss=0.0607 val_acc=0.9876
[2026-04-29 21:56:39]   saved last -> C:\Users\mie\Downloads\AIVOICE\checkpoints\lcnn_asvspoof2019_ljspeech_last.pt
[2026-04-29 22:03:38] epoch 27: train_loss=0.0013 acc=0.9997 | val_loss=0.0659 val_acc=0.9874
[2026-04-29 22:03:38]   saved last -> C:\Users\mie\Downloads\AIVOICE\checkpoints\lcnn_asvspoof2019_ljspeech_last.pt
[2026-04-29 22:10:23] epoch 28: train_loss=0.0007 acc=0.9998 | val_loss=0.0529 val_acc=0.9888
[2026-04-29 22:10:23]   saved last -> C:\Users\mie\Downloads\AIVOICE\checkpoints\lcnn_asvspoof2019_ljspeech_last.pt
[2026-04-29 22:16:52] epoch 29: train_loss=0.0004 acc=0.9999 | val_loss=0.0500 val_acc=0.9892
[2026-04-29 22:16:52]   saved last -> C:\Users\mie\Downloads\AIVOICE\checkpoints\lcnn_asvspoof2019_ljspeech_last.pt
[2026-04-29 22:23:20] epoch 30: train_loss=0.0006 acc=0.9999 | val_loss=0.0540 val_acc=0.9894
[2026-04-29 22:23:20]   saved last -> C:\Users\mie\Downloads\AIVOICE\checkpoints\lcnn_asvspoof2019_ljspeech_last.pt
[2026-04-29 22:23:20] done. best val acc=0.9914
